<?xml version="1.0" encoding="UTF-8"?>
<!-- Generated by org.testng.reporters.JUnitReportReporter -->
<testsuite hostname="SabinaShaikh" failures="0" tests="1" name="testCases.TC001_LoginTest" time="8.115" errors="0" timestamp="2025-04-28T17:29:28 IST" skipped="0">
  <testcase classname="testCases.TC001_LoginTest" name="VerifyLoginPage" time="8.115"/>
</testsuite> <!-- testCases.TC001_LoginTest -->
